[2025-06-29 17:00:47,938: INFO: common: yaml file: config\config.yaml loaded successfuly]
[2025-06-29 17:00:47,941: INFO: common: yaml file: params.yaml loaded successfuly]
[2025-06-29 17:00:47,944: INFO: common: yaml file: schema.yaml loaded successfuly]
[2025-06-29 17:00:47,945: INFO: common: created directory at: artifacts]
[2025-06-29 17:04:46,620: INFO: common: yaml file: params.yaml loaded successfuly]
[2025-06-29 17:06:48,391: INFO: common: yaml file: config\config.yaml loaded successfuly]
[2025-06-29 17:06:48,395: INFO: common: yaml file: params.yaml loaded successfuly]
[2025-06-29 17:06:48,399: INFO: common: yaml file: schema.yaml loaded successfuly]
[2025-06-29 17:06:48,401: INFO: common: created directory at: artifacts]
[2025-06-29 17:06:48,402: INFO: common: created directory at: artifacts/model_trainer]
[2025-06-29 17:10:32,933: INFO: common: yaml file: config\config.yaml loaded successfuly]
[2025-06-29 17:10:32,935: INFO: common: yaml file: params.yaml loaded successfuly]
[2025-06-29 17:10:32,938: INFO: common: yaml file: schema.yaml loaded successfuly]
[2025-06-29 17:10:32,940: INFO: common: created directory at: artifacts]
[2025-06-29 17:10:32,941: INFO: common: created directory at: artifacts/model_trainer]
[2025-06-29 17:11:03,585: INFO: common: yaml file: config\config.yaml loaded successfuly]
[2025-06-29 17:11:03,588: INFO: common: yaml file: params.yaml loaded successfuly]
[2025-06-29 17:11:03,594: INFO: common: yaml file: schema.yaml loaded successfuly]
[2025-06-29 17:11:03,597: INFO: common: created directory at: artifacts]
[2025-06-29 17:11:03,600: INFO: common: created directory at: artifacts/model_trainer]
[2025-06-29 17:11:15,999: INFO: common: yaml file: config\config.yaml loaded successfuly]
[2025-06-29 17:11:16,001: INFO: common: yaml file: params.yaml loaded successfuly]
[2025-06-29 17:11:16,005: INFO: common: yaml file: schema.yaml loaded successfuly]
[2025-06-29 17:11:16,006: INFO: common: created directory at: artifacts]
[2025-06-29 17:11:16,008: INFO: common: created directory at: artifacts/model_trainer]
[2025-06-29 17:11:43,010: INFO: common: yaml file: config\config.yaml loaded successfuly]
[2025-06-29 17:11:43,013: INFO: common: yaml file: params.yaml loaded successfuly]
[2025-06-29 17:11:43,015: INFO: common: yaml file: schema.yaml loaded successfuly]
[2025-06-29 17:11:43,017: INFO: common: created directory at: artifacts]
[2025-06-29 17:11:43,018: INFO: common: created directory at: artifacts/model_trainer]
[2025-06-29 17:12:34,995: INFO: common: yaml file: config\config.yaml loaded successfuly]
[2025-06-29 17:12:34,998: INFO: common: yaml file: params.yaml loaded successfuly]
[2025-06-29 17:12:35,002: INFO: common: yaml file: schema.yaml loaded successfuly]
[2025-06-29 17:12:35,004: INFO: common: created directory at: artifacts]
[2025-06-29 17:12:35,006: INFO: common: created directory at: artifacts/model_trainer]
[2025-06-29 17:13:31,539: INFO: common: yaml file: config\config.yaml loaded successfuly]
[2025-06-29 17:13:31,541: INFO: common: yaml file: params.yaml loaded successfuly]
[2025-06-29 17:13:31,545: INFO: common: yaml file: schema.yaml loaded successfuly]
[2025-06-29 17:13:31,547: INFO: common: created directory at: artifacts]
[2025-06-29 17:13:31,548: INFO: common: created directory at: artifacts/model_trainer]
[2025-06-29 17:13:47,756: INFO: common: yaml file: config\config.yaml loaded successfuly]
[2025-06-29 17:13:47,758: INFO: common: yaml file: params.yaml loaded successfuly]
[2025-06-29 17:13:47,762: INFO: common: yaml file: schema.yaml loaded successfuly]
[2025-06-29 17:13:47,763: INFO: common: created directory at: artifacts]
[2025-06-29 17:13:47,765: INFO: common: created directory at: artifacts/model_trainer]
